[2020-09-07 18:57:27,296][__main__] line26 [INFO] ==============================
[2020-09-07 18:57:27,296][__main__] line27 [INFO] ::: pipeline start :::
[2020-09-07 18:57:27,296][__main__] line28 [INFO] ==============================
[2020-09-07 18:57:27,296][__main__] line29 [INFO] git hash is: 132f9ff
[2020-09-07 18:57:27,302][__main__] line30 [INFO] all params
================================================================================
globals:
  debug: 1
  comment: test
  seed: 1213
  device: cuda
  num_epochs: 45
  balanced: 1
  folds:
  - 0
data:
  train_df_path: data_ignore/external_dataset/32khz/birdsong-resampled-train-audio-01/train_mod.csv
  train_audio_path: data_ignore/external_dataset/32khz
  test_df_path: ./data/external_dataset/birdcall-check/test_audio
  test_audio_path: ./data/external_dataset/birdcall-check/test.csv
split:
  name: StratifiedKFold
  params:
    n_splits: 5
    random_state: 42
    shuffle: true
dataset:
  name: SpectrogramEventRandomDataset
  params:
    img_size: 224
    ratio: 0.5
    melspectrogram_parameters:
      n_mels: 128
      fmin: 20
      fmax: 16000
loader:
  train:
    batch_size: 20
    shuffle: true
    num_workers: 2
  valid:
    batch_size: 10
    shuffle: false
    num_workers: 2
model:
  name: ResNeSt
  params:
    base_model: null
    pretrained: true
    n_classes: 264
loss:
  name: BCEWithLogitsLossMod
  params: null
optimizer:
  name: Adam
  params:
    lr: 0.001
scheduler:
  name: CosineAnnealingLR
  params:
    T_max: 10

================================================================================
[2020-09-07 18:57:27,302][__main__] line35 [INFO] ::: set debug mode :::
[2020-09-07 18:57:33,725][__main__] line43 [INFO] meta_df: (26400, 38)
[2020-09-07 18:57:33,755][__main__] line53 [INFO] ==============================
[2020-09-07 18:57:33,755][__main__] line54 [INFO] Fold 0
[2020-09-07 18:57:33,755][__main__] line55 [INFO] ==============================
[2020-09-07 18:57:35,996][__main__] line63 [INFO] trn_df: (264, 38)
[2020-09-07 18:57:35,996][__main__] line64 [INFO] val_df: (264, 38)
