[2020-09-03 23:59:37,320][__main__] line25 [INFO] logger start
[2020-09-03 23:59:37,320][__main__] line26 [INFO] git hash is: {hash_}
[2020-09-03 23:59:37,325][__main__] line27 [INFO] all params
======================================================================
globals:
  debug: 1
  seed: 1213
  device: cuda
  num_epochs: 45
  folds:
  - 0
data:
  train_df_path: data_ignore/external_dataset/32khz/birdsong-resampled-train-audio-01/train_mod.csv
  train_audio_path: data_ignore/external_dataset/32khz
  test_df_path: ./data/external_dataset/birdcall-check/test_audio
  test_audio_path: ./data/external_dataset/birdcall-check/test.csv
split:
  name: StratifiedKFold
  params:
    n_splits: 5
    random_state: 42
    shuffle: true
dataset:
  name: SpectrogramDataset
  img_size: 112
  params:
    n_mels: 128
    fmin: 20
    fmax: 16000
loader:
  train:
    batch_size: 20
    shuffle: true
    num_workers: 2
  valid:
    batch_size: 10
    shuffle: false
    num_workers: 2
model:
  name: ResNet50
  params:
    base_model: resnet50
    pretrained: true
    n_classes: 264
loss:
  name: ResNetLoss
  params:
    loss_type: bce
optimizer:
  name: Adam
  params:
    lr: 0.001
scheduler:
  name: CosineAnnealingLR
  params:
    T_max: 10

======================================================================
[2020-09-03 23:59:37,325][__main__] line30 [INFO] ::: set debug mode :::
[2020-09-03 23:59:37,537][__main__] line47 [INFO] ====================
[2020-09-03 23:59:37,537][__main__] line48 [INFO] Fold 0
[2020-09-03 23:59:37,537][__main__] line49 [INFO] ====================
[2020-09-03 23:59:40,101][__main__] line74 [INFO] ::: epoch: 1/3 Thu Sep  3 23:59:40 2020 :::
[2020-09-03 23:59:58,626][__main__] line80 [INFO] loss_train: 0.148562, loss_valid: 0.324470, f1(macro): 0.000029
[2020-09-03 23:59:58,627][__main__] line74 [INFO] ::: epoch: 2/3 Thu Sep  3 23:59:58 2020 :::
[2020-09-04 00:00:13,252][__main__] line80 [INFO] loss_train: 0.056621, loss_valid: 0.052043, f1(macro): 0.000029
[2020-09-04 00:00:13,253][__main__] line74 [INFO] ::: epoch: 3/3 Fri Sep  4 00:00:13 2020 :::
[2020-09-04 00:00:29,943][__main__] line80 [INFO] loss_train: 0.050054, loss_valid: 0.149778, f1(macro): 0.000029
[2020-09-04 00:00:30,064][__main__] line106 [INFO] ::: success :::
