[2020-09-09 22:31:43,856][__main__] line26 [INFO] ==============================
[2020-09-09 22:31:43,856][__main__] line27 [INFO] ::: pipeline start :::
[2020-09-09 22:31:43,857][__main__] line28 [INFO] ==============================
[2020-09-09 22:31:43,857][__main__] line29 [INFO] git hash is: 9ea61fd
[2020-09-09 22:31:43,862][__main__] line30 [INFO] all params
================================================================================
globals:
  debug: false
  comment: balanced_remove-short-duration__5sec__
  seed: 1213
  device: cuda
  num_epochs: 45
  balanced: true
  remove_short: true
  folds:
  - 0
data:
  train_df_path: data_ignore/external_dataset/32khz/birdsong-resampled-train-audio-01/train_mod.csv
  train_audio_path: data_ignore/external_dataset/32khz
  test_df_path: ./data/external_dataset/birdcall-check/test_audio
  test_audio_path: ./data/external_dataset/birdcall-check/test.csv
split:
  name: StratifiedKFold
  params:
    n_splits: 5
    random_state: 42
    shuffle: true
dataset:
  name: SpectrogramDataset
  params:
    img_size: 224
    n_random: 5
    melspectrogram_parameters:
      n_mels: 128
      fmin: 20
      fmax: 16000
loader:
  train:
    batch_size: 20
    shuffle: true
    num_workers: 2
  valid:
    batch_size: 10
    shuffle: false
    num_workers: 2
model:
  name: ResNeSt
  params:
    base_model: null
    pretrained: true
    n_classes: 264
loss:
  name: BCEWithLogitsLossMod
  params: null
optimizer:
  name: Adam
  params:
    lr: 0.001
scheduler:
  name: CosineAnnealingLR
  params:
    T_max: 10

================================================================================
[2020-09-09 22:31:44,040][__main__] line43 [INFO] meta_df: (21375, 38)
[2020-09-09 22:31:44,060][__main__] line53 [INFO] ==============================
[2020-09-09 22:31:44,061][__main__] line54 [INFO] Fold 0
[2020-09-09 22:31:44,061][__main__] line55 [INFO] ==============================
[2020-09-09 22:31:44,078][__main__] line60 [INFO] ::: train class balanced :::
[2020-09-09 22:31:49,160][__main__] line63 [INFO] ::: remove short duration :::
[2020-09-09 22:31:49,190][__main__] line69 [INFO] trn_df: (20249, 38)
[2020-09-09 22:31:49,190][__main__] line70 [INFO] val_df: (4275, 38)
[2020-09-09 22:31:51,037][__main__] line88 [INFO] ::: epoch: 1/45 :::
[2020-09-09 22:47:36,033][__main__] line94 [INFO] loss_train: 0.027560, loss_valid: 0.025493, f1(macro): 0.000032
[2020-09-09 22:47:36,125][__main__] line88 [INFO] ::: epoch: 2/45 :::
[2020-09-09 23:03:26,281][__main__] line94 [INFO] loss_train: 0.025296, loss_valid: 0.024871, f1(macro): 0.000171
[2020-09-09 23:03:26,570][__main__] line88 [INFO] ::: epoch: 3/45 :::
[2020-09-09 23:19:13,433][__main__] line94 [INFO] loss_train: 0.024310, loss_valid: 0.023817, f1(macro): 0.000849
[2020-09-09 23:19:13,666][__main__] line88 [INFO] ::: epoch: 4/45 :::
[2020-09-09 23:34:55,314][__main__] line94 [INFO] loss_train: 0.023484, loss_valid: 0.024387, f1(macro): 0.004357
[2020-09-09 23:34:55,315][__main__] line88 [INFO] ::: epoch: 5/45 :::
