[2020-09-05 08:42:25,794][__main__] line26 [INFO] ==============================
[2020-09-05 08:42:25,795][__main__] line27 [INFO] ::: pipeline start :::
[2020-09-05 08:42:25,795][__main__] line28 [INFO] ==============================
[2020-09-05 08:42:25,795][__main__] line29 [INFO] git hash is: dc05879
[2020-09-05 08:42:25,799][__main__] line30 [INFO] all params
================================================================================
globals:
  debug: false
  seed: 1213
  device: cuda
  num_epochs: 45
  folds:
  - 1
data:
  train_df_path: data_ignore/external_dataset/32khz/birdsong-resampled-train-audio-01/train_mod.csv
  train_audio_path: data_ignore/external_dataset/32khz
  test_df_path: ./data/external_dataset/birdcall-check/test_audio
  test_audio_path: ./data/external_dataset/birdcall-check/test.csv
split:
  name: StratifiedKFold
  params:
    n_splits: 5
    random_state: 42
    shuffle: true
dataset:
  name: SpectrogramDataset
  img_size: 224
  params:
    n_mels: 128
    fmin: 20
    fmax: 16000
loader:
  train:
    batch_size: 20
    shuffle: true
    num_workers: 2
  valid:
    batch_size: 10
    shuffle: false
    num_workers: 2
model:
  name: ResNeSt
  params:
    base_model: null
    pretrained: true
    n_classes: 264
loss:
  name: ResNetLoss
  params:
    loss_type: bce
optimizer:
  name: Adam
  params:
    lr: 0.001
scheduler:
  name: CosineAnnealingLR
  params:
    T_max: 10

================================================================================
[2020-09-05 08:42:26,025][__main__] line50 [INFO] ==============================
[2020-09-05 08:42:26,025][__main__] line51 [INFO] Fold 1
[2020-09-05 08:42:26,025][__main__] line52 [INFO] ==============================
[2020-09-05 08:42:26,356][__main__] line77 [INFO] ::: epoch: 1/45 :::
[2020-09-05 08:56:51,039][__main__] line83 [INFO] loss_train: 0.034194, loss_valid: 0.026061, f1(macro): 0.000035
[2020-09-05 08:56:51,120][__main__] line77 [INFO] ::: epoch: 2/45 :::
[2020-09-05 09:11:31,999][__main__] line83 [INFO] loss_train: 0.025860, loss_valid: 0.026081, f1(macro): 0.000034
[2020-09-05 09:11:31,999][__main__] line77 [INFO] ::: epoch: 3/45 :::
[2020-09-05 09:26:05,160][__main__] line83 [INFO] loss_train: 0.025574, loss_valid: 0.029911, f1(macro): 0.000091
[2020-09-05 09:26:05,160][__main__] line77 [INFO] ::: epoch: 4/45 :::
[2020-09-05 09:40:31,633][__main__] line83 [INFO] loss_train: 0.025269, loss_valid: 0.026138, f1(macro): 0.000223
[2020-09-05 09:40:31,634][__main__] line77 [INFO] ::: epoch: 5/45 :::
[2020-09-05 09:55:04,542][__main__] line83 [INFO] loss_train: 0.025061, loss_valid: 0.025942, f1(macro): 0.000371
[2020-09-05 09:55:04,795][__main__] line77 [INFO] ::: epoch: 6/45 :::
