[2020-09-06 15:02:45,149][__main__] line26 [INFO] ==============================
[2020-09-06 15:02:45,149][__main__] line27 [INFO] ::: pipeline start :::
[2020-09-06 15:02:45,149][__main__] line28 [INFO] ==============================
[2020-09-06 15:02:45,149][__main__] line29 [INFO] git hash is: bf2b7f2
[2020-09-06 15:02:45,153][__main__] line30 [INFO] all params
================================================================================
globals:
  debug: false
  seed: 1213
  device: cuda
  num_epochs: 45
  folds:
  - 0
data:
  train_df_path: data_ignore/external_dataset/32khz/birdsong-resampled-train-audio-01/train_mod.csv
  train_audio_path: data_ignore/external_dataset/32khz
  test_df_path: ./data/external_dataset/birdcall-check/test_audio
  test_audio_path: ./data/external_dataset/birdcall-check/test.csv
split:
  name: StratifiedKFold
  params:
    n_splits: 5
    random_state: 42
    shuffle: true
dataset:
  name: SpectrogramDataset
  img_size: 224
  params:
    n_mels: 128
    fmin: 20
    fmax: 16000
loader:
  train:
    batch_size: 20
    shuffle: true
    num_workers: 2
  valid:
    batch_size: 10
    shuffle: false
    num_workers: 2
model:
  name: ResNeSt
  params:
    base_model: null
    pretrained: true
    n_classes: 264
loss:
  name: BCEWithLogitsLossMod
  params: null
optimizer:
  name: Adam
  params:
    lr: 0.001
scheduler:
  name: CosineAnnealingLR
  params:
    T_max: 10

================================================================================
[2020-09-06 15:02:45,395][__main__] line50 [INFO] ==============================
[2020-09-06 15:02:45,395][__main__] line51 [INFO] Fold 0
[2020-09-06 15:02:45,395][__main__] line52 [INFO] ==============================
[2020-09-06 15:02:53,980][__main__] line77 [INFO] ::: epoch: 1/45 :::
[2020-09-06 15:46:52,330][__main__] line83 [INFO] loss_train: 0.028131, loss_valid: 0.025325, f1(macro): 0.000453
[2020-09-06 15:46:52,646][__main__] line77 [INFO] ::: epoch: 2/45 :::
[2020-09-06 16:28:06,930][__main__] line83 [INFO] loss_train: 0.024745, loss_valid: 0.024088, f1(macro): 0.000426
[2020-09-06 16:28:07,270][__main__] line77 [INFO] ::: epoch: 3/45 :::
