[2020-09-03 23:56:40,796][__main__] line25 [INFO] logger start
[2020-09-03 23:56:40,797][__main__] line26 [INFO] git hash is: {hash_}
[2020-09-03 23:56:40,801][__main__] line27 [INFO] all params
======================================================================
globals:
  debug: 1
  seed: 1213
  device: cuda
  num_epochs: 45
  folds:
  - 0
data:
  train_df_path: data_ignore/external_dataset/32khz/birdsong-resampled-train-audio-01/train_mod.csv
  train_audio_path: data_ignore/external_dataset/32khz
  test_df_path: ./data/external_dataset/birdcall-check/test_audio
  test_audio_path: ./data/external_dataset/birdcall-check/test.csv
split:
  name: StratifiedKFold
  params:
    n_splits: 5
    random_state: 42
    shuffle: true
dataset:
  name: SpectrogramDataset
  img_size: 224
  params:
    n_mels: 128
    fmin: 20
    fmax: 16000
loader:
  train:
    batch_size: 20
    shuffle: true
    num_workers: 2
  valid:
    batch_size: 10
    shuffle: false
    num_workers: 2
model:
  name: ResNet50
  params:
    base_model: resnet50
    pretrained: true
    n_classes: 264
loss:
  name: ResNetLoss
  params:
    loss_type: bce
optimizer:
  name: Adam
  params:
    lr: 0.001
scheduler:
  name: CosineAnnealingLR
  params:
    T_max: 10

======================================================================
[2020-09-03 23:56:40,802][__main__] line30 [INFO] ::: set debug mode :::
[2020-09-03 23:56:41,010][__main__] line47 [INFO] ====================
[2020-09-03 23:56:41,010][__main__] line48 [INFO] Fold 0
[2020-09-03 23:56:41,011][__main__] line49 [INFO] ====================
[2020-09-03 23:56:43,511][__main__] line74 [INFO] ::: epoch: 1/3 Thu Sep  3 23:56:43 2020 :::
[2020-09-03 23:57:05,750][__main__] line80 [INFO] loss_train: 0.128573, loss_valid: 0.378788, f1(macro): 0.000029
[2020-09-03 23:57:05,751][__main__] line74 [INFO] ::: epoch: 2/3 Thu Sep  3 23:57:05 2020 :::
[2020-09-03 23:57:26,964][__main__] line80 [INFO] loss_train: 0.056518, loss_valid: 0.160176, f1(macro): 0.000114
[2020-09-03 23:57:26,964][__main__] line74 [INFO] ::: epoch: 3/3 Thu Sep  3 23:57:26 2020 :::
[2020-09-03 23:57:47,449][__main__] line80 [INFO] loss_train: 0.050097, loss_valid: 0.127551, f1(macro): 0.000029
[2020-09-03 23:57:47,569][__main__] line106 [INFO] ::: success :::
