[2020-09-09 22:27:08,909][__main__] line26 [INFO] ==============================
[2020-09-09 22:27:08,909][__main__] line27 [INFO] ::: pipeline start :::
[2020-09-09 22:27:08,909][__main__] line28 [INFO] ==============================
[2020-09-09 22:27:08,909][__main__] line29 [INFO] git hash is: 9ea61fd
[2020-09-09 22:27:08,914][__main__] line30 [INFO] all params
================================================================================
globals:
  debug: 0
  comment: test
  seed: 1213
  device: cuda
  num_epochs: 45
  balanced: true
  remove_short: true
  folds:
  - 0
data:
  train_df_path: data_ignore/external_dataset/32khz/birdsong-resampled-train-audio-01/train_mod.csv
  train_audio_path: data_ignore/external_dataset/32khz
  test_df_path: ./data/external_dataset/birdcall-check/test_audio
  test_audio_path: ./data/external_dataset/birdcall-check/test.csv
split:
  name: StratifiedKFold
  params:
    n_splits: 5
    random_state: 42
    shuffle: true
dataset:
  name: SpectrogramDataset
  params:
    img_size: 224
    n_random: 5
    melspectrogram_parameters:
      n_mels: 128
      fmin: 20
      fmax: 16000
loader:
  train:
    batch_size: 20
    shuffle: true
    num_workers: 2
  valid:
    batch_size: 10
    shuffle: false
    num_workers: 2
model:
  name: ResNeSt
  params:
    base_model: null
    pretrained: true
    n_classes: 264
loss:
  name: BCEWithLogitsLossMod
  params: null
optimizer:
  name: Adam
  params:
    lr: 0.001
scheduler:
  name: CosineAnnealingLR
  params:
    T_max: 10

================================================================================
[2020-09-09 22:27:09,108][__main__] line44 [INFO] meta_df: (20253, 38)
[2020-09-09 22:27:09,128][__main__] line54 [INFO] ==============================
[2020-09-09 22:27:09,128][__main__] line55 [INFO] Fold 0
[2020-09-09 22:27:09,128][__main__] line56 [INFO] ==============================
[2020-09-09 22:27:09,144][__main__] line61 [INFO] ::: train class balanced :::
[2020-09-09 22:27:15,379][__main__] line64 [INFO] ::: remove short duration :::
[2020-09-09 22:27:15,403][__main__] line70 [INFO] trn_df: (21120, 38)
[2020-09-09 22:27:15,403][__main__] line71 [INFO] val_df: (4051, 38)
[2020-09-09 22:27:17,257][__main__] line89 [INFO] ::: epoch: 1/45 :::
