[2020-09-04 00:00:30,521][__main__] line25 [INFO] logger start
[2020-09-04 00:00:30,521][__main__] line26 [INFO] git hash is: {hash_}
[2020-09-04 00:00:30,526][__main__] line27 [INFO] all params
======================================================================
globals:
  debug: 1
  seed: 1213
  device: cuda
  num_epochs: 45
  folds:
  - 0
data:
  train_df_path: data_ignore/external_dataset/32khz/birdsong-resampled-train-audio-01/train_mod.csv
  train_audio_path: data_ignore/external_dataset/32khz
  test_df_path: ./data/external_dataset/birdcall-check/test_audio
  test_audio_path: ./data/external_dataset/birdcall-check/test.csv
split:
  name: StratifiedKFold
  params:
    n_splits: 5
    random_state: 42
    shuffle: true
dataset:
  name: SpectrogramDataset
  img_size: 224
  params:
    n_mels: 128
    fmin: 20
    fmax: 16000
loader:
  train:
    batch_size: 20
    shuffle: true
    num_workers: 2
  valid:
    batch_size: 10
    shuffle: false
    num_workers: 2
model:
  name: ResNet50
  params:
    base_model: resnet50
    pretrained: true
    n_classes: 264
loss:
  name: ResNetLoss
  params:
    loss_type: bce
optimizer:
  name: Adam
  params:
    lr: 0.001
scheduler:
  name: CosineAnnealingLR
  params:
    T_max: 10

======================================================================
[2020-09-04 00:00:30,526][__main__] line30 [INFO] ::: set debug mode :::
[2020-09-04 00:00:30,729][__main__] line47 [INFO] ====================
[2020-09-04 00:00:30,729][__main__] line48 [INFO] Fold 0
[2020-09-04 00:00:30,730][__main__] line49 [INFO] ====================
[2020-09-04 00:00:33,254][__main__] line74 [INFO] ::: epoch: 1/3 Fri Sep  4 00:00:33 2020 :::
[2020-09-04 00:00:55,443][__main__] line80 [INFO] loss_train: 0.128573, loss_valid: 0.378788, f1(macro): 0.000029
[2020-09-04 00:00:55,444][__main__] line74 [INFO] ::: epoch: 2/3 Fri Sep  4 00:00:55 2020 :::
[2020-09-04 00:01:17,019][__main__] line80 [INFO] loss_train: 0.056517, loss_valid: 0.160620, f1(macro): 0.000114
[2020-09-04 00:01:17,019][__main__] line74 [INFO] ::: epoch: 3/3 Fri Sep  4 00:01:17 2020 :::
[2020-09-04 00:01:37,401][__main__] line80 [INFO] loss_train: 0.050116, loss_valid: 0.128726, f1(macro): 0.000029
[2020-09-04 00:01:37,493][__main__] line106 [INFO] ::: success :::
