[2020-09-01 20:48:37,820][__main__] line13 [INFO] logger start
[2020-09-01 20:48:37,822][__main__] line14 [INFO] all params
======================================================================
globals:
  seed: 1213
  device: cuda
  num_epochs: 100
  folds:
  - 0
data:
  train_df_path: ./data_ignore/official/train.csv
  train_audio_path: ./data_ignore/external_dataset/32khz
  test_df_path: ./data/external_dataset/birdcall-check/test_audio
  test_audio_path: ./data/external_dataset/birdcall-check/tst.csv
split:
  name: StratifiedKFold
  params:
    n_splits: 5
    random_state: 42
    shuffle: true

======================================================================
[2020-09-01 20:48:37,823][src.util.utils] line17 [INFO] seed: 50
[2020-09-01 20:48:38,011][__main__] line25 [INFO] ======================================================================
[2020-09-01 20:48:38,011][__main__] line26 [INFO] Fold 0
[2020-09-01 20:48:38,011][__main__] line27 [INFO] ======================================================================
