[2020-09-04 08:44:13,524][__main__] line25 [INFO] logger start
[2020-09-04 08:44:13,524][__main__] line26 [INFO] git hash is: 2aa9aaa
[2020-09-04 08:44:13,529][__main__] line27 [INFO] all params
======================================================================
globals:
  debug: 0
  seed: 1213
  device: cuda
  num_epochs: 35
  folds:
  - 0
data:
  train_df_path: data_ignore/external_dataset/32khz/birdsong-resampled-train-audio-01/train_mod.csv
  train_audio_path: data_ignore/external_dataset/32khz
  test_df_path: ./data/external_dataset/birdcall-check/test_audio
  test_audio_path: ./data/external_dataset/birdcall-check/test.csv
split:
  name: StratifiedKFold
  params:
    n_splits: 5
    random_state: 42
    shuffle: true
dataset:
  name: SpectrogramDataset
  img_size: 112
  params:
    n_mels: 128
    fmin: 20
    fmax: 16000
loader:
  train:
    batch_size: 20
    shuffle: true
    num_workers: 2
  valid:
    batch_size: 10
    shuffle: false
    num_workers: 2
model:
  name: ResNet50
  params:
    base_model: resnet50
    pretrained: true
    n_classes: 264
loss:
  name: ResNetLoss
  params:
    loss_type: bce
optimizer:
  name: Adam
  params:
    lr: 0.001
scheduler:
  name: CosineAnnealingLR
  params:
    T_max: 10

======================================================================
[2020-09-04 08:44:13,756][__main__] line47 [INFO] ====================
[2020-09-04 08:44:13,756][__main__] line48 [INFO] Fold 0
[2020-09-04 08:44:13,757][__main__] line49 [INFO] ====================
[2020-09-04 08:44:14,259][__main__] line74 [INFO] ::: epoch: 1/35 Fri Sep  4 08:44:14 2020 :::
