[2020-09-09 05:20:44,520][__main__] line26 [INFO] ==============================
[2020-09-09 05:20:44,520][__main__] line27 [INFO] ::: pipeline start :::
[2020-09-09 05:20:44,520][__main__] line28 [INFO] ==============================
[2020-09-09 05:20:44,520][__main__] line29 [INFO] git hash is: db920f0
[2020-09-09 05:20:44,525][__main__] line30 [INFO] all params
================================================================================
globals:
  debug: 1
  comment: balanced_train__event_randomcrop_dataset
  seed: 1213
  device: cuda
  num_epochs: 45
  balanced: 1
  folds:
  - 0
data:
  train_df_path: data_ignore/external_dataset/32khz/birdsong-resampled-train-audio-01/train_mod.csv
  train_audio_path: data_ignore/external_dataset/32khz
  test_df_path: ./data/external_dataset/birdcall-check/test_audio
  test_audio_path: ./data/external_dataset/birdcall-check/test.csv
split:
  name: StratifiedKFold
  params:
    n_splits: 5
    random_state: 42
    shuffle: true
dataset:
  name: SpectrogramEventRandomDataset
  params:
    img_size: 224
    ratio: 0.5
    melspectrogram_parameters:
      n_mels: 128
      fmin: 20
      fmax: 16000
loader:
  train:
    batch_size: 20
    shuffle: true
    num_workers: 2
  valid:
    batch_size: 10
    shuffle: false
    num_workers: 2
model:
  name: ResNeSt
  params:
    base_model: null
    pretrained: true
    n_classes: 264
loss:
  name: BCEWithLogitsLossMod
  params: null
optimizer:
  name: Adam
  params:
    lr: 0.001
scheduler:
  name: CosineAnnealingLR
  params:
    T_max: 10

================================================================================
[2020-09-09 05:20:44,526][__main__] line35 [INFO] ::: set debug mode :::
[2020-09-09 05:20:44,702][__main__] line43 [INFO] meta_df: (21375, 38)
[2020-09-09 05:20:44,723][__main__] line53 [INFO] ==============================
[2020-09-09 05:20:44,723][__main__] line54 [INFO] Fold 0
[2020-09-09 05:20:44,723][__main__] line55 [INFO] ==============================
[2020-09-09 05:20:44,741][__main__] line60 [INFO] ::: train class balanced :::
[2020-09-09 05:20:50,352][__main__] line66 [INFO] trn_df: (264, 38)
[2020-09-09 05:20:50,352][__main__] line67 [INFO] val_df: (264, 38)
[2020-09-09 05:20:53,222][__main__] line85 [INFO] ::: epoch: 1/3 :::
[2020-09-09 05:21:15,058][__main__] line91 [INFO] loss_train: 0.147292, loss_valid: 0.040816, f1(macro): 0.000029
[2020-09-09 05:21:15,058][__main__] line85 [INFO] ::: epoch: 2/3 :::
[2020-09-09 05:21:31,538][__main__] line91 [INFO] loss_train: 0.029459, loss_valid: 0.028874, f1(macro): 0.000029
[2020-09-09 05:21:31,539][__main__] line85 [INFO] ::: epoch: 3/3 :::
[2020-09-09 05:21:49,721][__main__] line91 [INFO] loss_train: 0.027122, loss_valid: 0.025705, f1(macro): 0.000029
[2020-09-09 05:21:49,854][__main__] line119 [INFO] best_loss: 0.025705, best_fscore(macro): 0.000029
[2020-09-09 05:21:49,854][__main__] line120 [INFO] ::: success :::



