[2020-09-07 19:22:27,526][__main__] line26 [INFO] ==============================
[2020-09-07 19:22:27,527][__main__] line27 [INFO] ::: pipeline start :::
[2020-09-07 19:22:27,527][__main__] line28 [INFO] ==============================
[2020-09-07 19:22:27,527][__main__] line29 [INFO] git hash is: 132f9ff
[2020-09-07 19:22:27,532][__main__] line30 [INFO] all params
================================================================================
globals:
  debug: 1
  comment: test
  seed: 1213
  device: cuda
  num_epochs: 45
  balanced: 1
  folds:
  - 0
data:
  train_df_path: data_ignore/external_dataset/32khz/birdsong-resampled-train-audio-01/train_mod.csv
  train_audio_path: data_ignore/external_dataset/32khz
  test_df_path: ./data/external_dataset/birdcall-check/test_audio
  test_audio_path: ./data/external_dataset/birdcall-check/test.csv
split:
  name: StratifiedKFold
  params:
    n_splits: 5
    random_state: 42
    shuffle: true
dataset:
  name: SpectrogramEventRandomDataset
  params:
    img_size: 224
    ratio: 0.5
    melspectrogram_parameters:
      n_mels: 128
      fmin: 20
      fmax: 16000
loader:
  train:
    batch_size: 20
    shuffle: true
    num_workers: 2
  valid:
    batch_size: 10
    shuffle: false
    num_workers: 2
model:
  name: ResNeSt
  params:
    base_model: null
    pretrained: true
    n_classes: 264
loss:
  name: BCEWithLogitsLossMod
  params: null
optimizer:
  name: Adam
  params:
    lr: 0.001
scheduler:
  name: CosineAnnealingLR
  params:
    T_max: 10

================================================================================
[2020-09-07 19:22:27,532][__main__] line35 [INFO] ::: set debug mode :::
[2020-09-07 19:22:33,952][__main__] line43 [INFO] meta_df: (26400, 38)
[2020-09-07 19:22:33,981][__main__] line53 [INFO] ==============================
[2020-09-07 19:22:33,981][__main__] line54 [INFO] Fold 0
[2020-09-07 19:22:33,981][__main__] line55 [INFO] ==============================
[2020-09-07 19:22:36,218][__main__] line63 [INFO] trn_df: (264, 38)
[2020-09-07 19:22:36,219][__main__] line64 [INFO] val_df: (264, 38)
[2020-09-07 19:22:38,149][__main__] line82 [INFO] ::: epoch: 1/3 :::
[2020-09-07 19:23:00,982][__main__] line88 [INFO] loss_train: 0.151489, loss_valid: 0.090335, f1(macro): 0.000029
[2020-09-07 19:23:00,983][__main__] line82 [INFO] ::: epoch: 2/3 :::
[2020-09-07 19:23:20,179][__main__] line88 [INFO] loss_train: 0.029949, loss_valid: 0.029294, f1(macro): 0.000029
[2020-09-07 19:23:20,180][__main__] line82 [INFO] ::: epoch: 3/3 :::
[2020-09-07 19:23:39,771][__main__] line88 [INFO] loss_train: 0.026921, loss_valid: 0.025613, f1(macro): 0.000029
[2020-09-07 19:23:39,898][__main__] line116 [INFO] best_loss: 0.025613, best_fscore(macro): 0.000029
[2020-09-07 19:23:39,898][__main__] line117 [INFO] ::: success :::



