[2020-09-13 15:02:33,977][__main__] line26 [INFO] ==============================
[2020-09-13 15:02:33,977][__main__] line27 [INFO] ::: pipeline start :::
[2020-09-13 15:02:33,977][__main__] line28 [INFO] ==============================
[2020-09-13 15:02:33,977][__main__] line29 [INFO] git hash is: bc85608
[2020-09-13 15:02:33,982][__main__] line30 [INFO] all params
================================================================================
globals:
  debug: false
  comment: add_mixup_to_baseline
  seed: 1213
  device: cuda
  num_epochs: 45
  balanced: false
  remove_short: false
  mixup: 1
  folds:
  - 0
data:
  train_df_path: data_ignore/external_dataset/32khz/birdsong-resampled-train-audio-01/train_mod.csv
  train_audio_path: data_ignore/external_dataset/32khz
  test_df_path: ./data/external_dataset/birdcall-check/test_audio
  test_audio_path: ./data/external_dataset/birdcall-check/test.csv
split:
  name: StratifiedKFold
  params:
    n_splits: 5
    random_state: 42
    shuffle: true
dataset:
  name: SpectrogramDatasetWithNoise
  params:
    img_size: 224
    n_random: 5
    melspectrogram_parameters:
      n_mels: 128
      fmin: 20
      fmax: 16000
loader:
  train:
    batch_size: 20
    shuffle: true
    num_workers: 2
  valid:
    batch_size: 10
    shuffle: false
    num_workers: 2
model:
  name: ResNeSt
  params:
    base_model: null
    pretrained: true
    n_classes: 264
loss:
  name: BCEWithLogitsLossMod
  params: null
optimizer:
  name: Adam
  params:
    lr: 0.001
scheduler:
  name: CosineAnnealingLR
  params:
    T_max: 10

================================================================================
[2020-09-13 15:02:34,158][__main__] line43 [INFO] meta_df: (21375, 38)
[2020-09-13 15:02:34,179][__main__] line53 [INFO] ==============================
[2020-09-13 15:02:34,179][__main__] line54 [INFO] Fold 0
[2020-09-13 15:02:34,180][__main__] line55 [INFO] ==============================
[2020-09-13 15:02:34,196][__main__] line66 [INFO] ::: perform mixup :::
[2020-09-13 15:02:34,196][__main__] line72 [INFO] trn_df: (17100, 38)
[2020-09-13 15:02:34,196][__main__] line73 [INFO] val_df: (4275, 38)
[2020-09-13 15:02:36,062][__main__] line91 [INFO] ::: epoch: 1/45 :::
[2020-09-13 15:20:58,750][__main__] line97 [INFO] loss_train: 0.027522, loss_valid: 0.024517, f1(macro): 0.000113
[2020-09-13 15:20:58,866][__main__] line91 [INFO] ::: epoch: 2/45 :::
[2020-09-13 15:39:19,918][__main__] line97 [INFO] loss_train: 0.024556, loss_valid: 0.023401, f1(macro): 0.004806
[2020-09-13 15:39:20,157][__main__] line91 [INFO] ::: epoch: 3/45 :::
[2020-09-13 15:57:45,018][__main__] line97 [INFO] loss_train: 0.023866, loss_valid: 0.022736, f1(macro): 0.007524
[2020-09-13 15:57:45,263][__main__] line91 [INFO] ::: epoch: 4/45 :::
[2020-09-13 16:16:04,205][__main__] line97 [INFO] loss_train: 0.023027, loss_valid: 0.021217, f1(macro): 0.025192
[2020-09-13 16:16:04,449][__main__] line91 [INFO] ::: epoch: 5/45 :::
[2020-09-13 16:34:35,230][__main__] line97 [INFO] loss_train: 0.022435, loss_valid: 0.020230, f1(macro): 0.039795
[2020-09-13 16:34:35,457][__main__] line91 [INFO] ::: epoch: 6/45 :::
[2020-09-13 16:53:01,261][__main__] line97 [INFO] loss_train: 0.021590, loss_valid: 0.018978, f1(macro): 0.075444
[2020-09-13 16:53:01,498][__main__] line91 [INFO] ::: epoch: 7/45 :::
[2020-09-13 17:11:37,805][__main__] line97 [INFO] loss_train: 0.020924, loss_valid: 0.017989, f1(macro): 0.122557
[2020-09-13 17:11:38,052][__main__] line91 [INFO] ::: epoch: 8/45 :::
[2020-09-13 17:30:00,785][__main__] line97 [INFO] loss_train: 0.020182, loss_valid: 0.017070, f1(macro): 0.159235
[2020-09-13 17:30:01,030][__main__] line91 [INFO] ::: epoch: 9/45 :::
[2020-09-13 17:48:31,663][__main__] line97 [INFO] loss_train: 0.019579, loss_valid: 0.016140, f1(macro): 0.206601
[2020-09-13 17:48:31,897][__main__] line91 [INFO] ::: epoch: 10/45 :::
[2020-09-13 18:07:07,859][__main__] line97 [INFO] loss_train: 0.019302, loss_valid: 0.015902, f1(macro): 0.221284
[2020-09-13 18:07:08,090][__main__] line91 [INFO] ::: epoch: 11/45 :::
[2020-09-13 18:25:35,094][__main__] line97 [INFO] loss_train: 0.018978, loss_valid: 0.015888, f1(macro): 0.216649
[2020-09-13 18:25:35,349][__main__] line91 [INFO] ::: epoch: 12/45 :::
[2020-09-13 18:43:59,465][__main__] line97 [INFO] loss_train: 0.019179, loss_valid: 0.015712, f1(macro): 0.236566
[2020-09-13 18:43:59,714][__main__] line91 [INFO] ::: epoch: 13/45 :::
[2020-09-13 19:02:21,584][__main__] line97 [INFO] loss_train: 0.019175, loss_valid: 0.015456, f1(macro): 0.239896
[2020-09-13 19:02:21,818][__main__] line91 [INFO] ::: epoch: 14/45 :::
[2020-09-13 19:20:50,221][__main__] line97 [INFO] loss_train: 0.019136, loss_valid: 0.015859, f1(macro): 0.217168
[2020-09-13 19:20:50,222][__main__] line91 [INFO] ::: epoch: 15/45 :::
[2020-09-13 19:39:11,962][__main__] line97 [INFO] loss_train: 0.019083, loss_valid: 0.015262, f1(macro): 0.268677
[2020-09-13 19:39:12,192][__main__] line91 [INFO] ::: epoch: 16/45 :::
[2020-09-13 19:57:30,981][__main__] line97 [INFO] loss_train: 0.019008, loss_valid: 0.015010, f1(macro): 0.293882
[2020-09-13 19:57:31,209][__main__] line91 [INFO] ::: epoch: 17/45 :::
[2020-09-13 20:15:54,779][__main__] line97 [INFO] loss_train: 0.018845, loss_valid: 0.014688, f1(macro): 0.305363
[2020-09-13 20:15:55,012][__main__] line91 [INFO] ::: epoch: 18/45 :::
[2020-09-13 20:34:23,508][__main__] line97 [INFO] loss_train: 0.018507, loss_valid: 0.014686, f1(macro): 0.314373
[2020-09-13 20:34:23,738][__main__] line91 [INFO] ::: epoch: 19/45 :::
[2020-09-13 20:52:46,575][__main__] line97 [INFO] loss_train: 0.018203, loss_valid: 0.014857, f1(macro): 0.315091
[2020-09-13 20:52:46,576][__main__] line91 [INFO] ::: epoch: 20/45 :::
[2020-09-13 21:11:20,133][__main__] line97 [INFO] loss_train: 0.017790, loss_valid: 0.013892, f1(macro): 0.375330
[2020-09-13 21:11:20,368][__main__] line91 [INFO] ::: epoch: 21/45 :::
[2020-09-13 21:30:04,785][__main__] line97 [INFO] loss_train: 0.017310, loss_valid: 0.013247, f1(macro): 0.405752
[2020-09-13 21:30:05,022][__main__] line91 [INFO] ::: epoch: 22/45 :::
[2020-09-13 21:48:29,064][__main__] line97 [INFO] loss_train: 0.016902, loss_valid: 0.012589, f1(macro): 0.432646
[2020-09-13 21:48:29,300][__main__] line91 [INFO] ::: epoch: 23/45 :::
[2020-09-13 22:06:55,528][__main__] line97 [INFO] loss_train: 0.016517, loss_valid: 0.012334, f1(macro): 0.461261
[2020-09-13 22:06:55,754][__main__] line91 [INFO] ::: epoch: 24/45 :::
[2020-09-13 22:25:18,151][__main__] line97 [INFO] loss_train: 0.015897, loss_valid: 0.012123, f1(macro): 0.479884
[2020-09-13 22:25:18,389][__main__] line91 [INFO] ::: epoch: 25/45 :::
[2020-09-13 22:43:42,368][__main__] line97 [INFO] loss_train: 0.015439, loss_valid: 0.011147, f1(macro): 0.511878
[2020-09-13 22:43:42,602][__main__] line91 [INFO] ::: epoch: 26/45 :::
[2020-09-13 23:02:10,810][__main__] line97 [INFO] loss_train: 0.014934, loss_valid: 0.010603, f1(macro): 0.546947
[2020-09-13 23:02:11,048][__main__] line91 [INFO] ::: epoch: 27/45 :::
[2020-09-13 23:20:29,473][__main__] line97 [INFO] loss_train: 0.014453, loss_valid: 0.010186, f1(macro): 0.574337
[2020-09-13 23:20:29,873][__main__] line91 [INFO] ::: epoch: 28/45 :::
[2020-09-13 23:38:54,042][__main__] line97 [INFO] loss_train: 0.014304, loss_valid: 0.009941, f1(macro): 0.573907
[2020-09-13 23:38:54,277][__main__] line91 [INFO] ::: epoch: 29/45 :::
[2020-09-13 23:57:14,682][__main__] line97 [INFO] loss_train: 0.013726, loss_valid: 0.009500, f1(macro): 0.589450
[2020-09-13 23:57:14,911][__main__] line91 [INFO] ::: epoch: 30/45 :::
[2020-09-14 00:15:45,565][__main__] line97 [INFO] loss_train: 0.013655, loss_valid: 0.009518, f1(macro): 0.602089
[2020-09-14 00:15:45,565][__main__] line91 [INFO] ::: epoch: 31/45 :::
[2020-09-14 00:34:21,644][__main__] line97 [INFO] loss_train: 0.013471, loss_valid: 0.009523, f1(macro): 0.596146
[2020-09-14 00:34:21,645][__main__] line91 [INFO] ::: epoch: 32/45 :::
[2020-09-14 00:52:46,704][__main__] line97 [INFO] loss_train: 0.013604, loss_valid: 0.009624, f1(macro): 0.595402
[2020-09-14 00:52:46,705][__main__] line91 [INFO] ::: epoch: 33/45 :::
[2020-09-14 01:11:08,989][__main__] line97 [INFO] loss_train: 0.013729, loss_valid: 0.009424, f1(macro): 0.599974
[2020-09-14 01:11:09,229][__main__] line91 [INFO] ::: epoch: 34/45 :::
[2020-09-14 01:29:36,584][__main__] line97 [INFO] loss_train: 0.013771, loss_valid: 0.009551, f1(macro): 0.603947
[2020-09-14 01:29:36,585][__main__] line91 [INFO] ::: epoch: 35/45 :::
[2020-09-14 01:47:53,308][__main__] line97 [INFO] loss_train: 0.014027, loss_valid: 0.009826, f1(macro): 0.589400
[2020-09-14 01:47:53,309][__main__] line91 [INFO] ::: epoch: 36/45 :::
[2020-09-14 02:06:25,685][__main__] line97 [INFO] loss_train: 0.013915, loss_valid: 0.010187, f1(macro): 0.575200
[2020-09-14 02:06:25,686][__main__] line91 [INFO] ::: epoch: 37/45 :::
[2020-09-14 02:24:44,519][__main__] line97 [INFO] loss_train: 0.013981, loss_valid: 0.010424, f1(macro): 0.569710
[2020-09-14 02:24:44,520][__main__] line91 [INFO] ::: epoch: 38/45 :::
[2020-09-14 02:43:05,520][__main__] line97 [INFO] loss_train: 0.014450, loss_valid: 0.010660, f1(macro): 0.560221
[2020-09-14 02:43:05,521][__main__] line91 [INFO] ::: epoch: 39/45 :::
[2020-09-14 03:01:32,479][__main__] line97 [INFO] loss_train: 0.014498, loss_valid: 0.010512, f1(macro): 0.551756
[2020-09-14 03:01:32,481][__main__] line91 [INFO] ::: epoch: 40/45 :::
[2020-09-14 03:20:04,980][__main__] line97 [INFO] loss_train: 0.014650, loss_valid: 0.010565, f1(macro): 0.564704
[2020-09-14 03:20:04,981][__main__] line91 [INFO] ::: epoch: 41/45 :::
[2020-09-14 03:38:31,809][__main__] line97 [INFO] loss_train: 0.014375, loss_valid: 0.011101, f1(macro): 0.536233
[2020-09-14 03:38:31,810][__main__] line91 [INFO] ::: epoch: 42/45 :::
[2020-09-14 03:57:03,980][__main__] line97 [INFO] loss_train: 0.014144, loss_valid: 0.010280, f1(macro): 0.569783
[2020-09-14 03:57:03,981][__main__] line91 [INFO] ::: epoch: 43/45 :::
[2020-09-14 04:15:21,412][__main__] line97 [INFO] loss_train: 0.014147, loss_valid: 0.010324, f1(macro): 0.582387
[2020-09-14 04:15:21,413][__main__] line91 [INFO] ::: epoch: 44/45 :::
[2020-09-14 04:33:39,712][__main__] line97 [INFO] loss_train: 0.013706, loss_valid: 0.009867, f1(macro): 0.599421
[2020-09-14 04:33:39,713][__main__] line91 [INFO] ::: epoch: 45/45 :::
[2020-09-14 04:52:05,230][__main__] line97 [INFO] loss_train: 0.013276, loss_valid: 0.009258, f1(macro): 0.624771
[2020-09-14 04:52:05,638][__main__] line125 [INFO] best_loss: 0.009258, best_fscore(macro): 0.624771
[2020-09-14 04:52:05,640][__main__] line126 [INFO] ::: success :::



