[2020-09-03 21:17:52,603][__main__] line24 [INFO] logger start
[2020-09-03 21:17:52,603][__main__] line25 [INFO] git hash is: {hash_}
[2020-09-03 21:17:52,608][__main__] line26 [INFO] all params
======================================================================
globals:
  debug: 1
  seed: 1213
  device: cuda
  num_epochs: 45
  folds:
  - 0
data:
  train_df_path: data_ignore/external_dataset/32khz/birdsong-resampled-train-audio-01/train_mod.csv
  train_audio_path: data_ignore/external_dataset/32khz
  test_df_path: ./data/external_dataset/birdcall-check/test_audio
  test_audio_path: ./data/external_dataset/birdcall-check/test.csv
split:
  name: StratifiedKFold
  params:
    n_splits: 5
    random_state: 42
    shuffle: true
dataset:
  name: SpectrogramDataset
  img_size: 224
  params:
    n_mels: 128
    fmin: 20
    fmax: 16000
loader:
  train:
    batch_size: 20
    shuffle: true
    num_workers: 2
  valid:
    batch_size: 10
    shuffle: false
    num_workers: 2
model:
  name: ResNet50
  params:
    base_model: resnet50
    pretrained: true
    n_classes: 264
loss:
  name: ResNetLoss
  params:
    loss_type: bce
optimizer:
  name: Adam
  params:
    lr: 0.001
scheduler:
  name: CosineAnnealingLR
  params:
    T_max: 10

======================================================================
[2020-09-03 21:17:52,608][__main__] line29 [INFO] ::: set debug mode :::
[2020-09-03 21:17:52,817][__main__] line44 [INFO] ====================
[2020-09-03 21:17:52,817][__main__] line45 [INFO] Fold 0
[2020-09-03 21:17:52,817][__main__] line46 [INFO] ====================
[2020-09-03 21:17:56,785][__main__] line69 [INFO] ::: epoch: 1 Thu Sep  3 21:17:56 2020 :::
[2020-09-03 21:18:17,478][__main__] line75 [INFO] loss_train: 0.128573, loss_valid: 0.378788, f1(macro): 0.000029
[2020-09-03 21:18:17,555][__main__] line69 [INFO] ::: epoch: 2 Thu Sep  3 21:18:17 2020 :::
[2020-09-03 21:18:35,888][__main__] line75 [INFO] loss_train: 0.056514, loss_valid: 0.160461, f1(macro): 0.000114
[2020-09-03 21:18:36,173][__main__] line69 [INFO] ::: epoch: 3 Thu Sep  3 21:18:36 2020 :::
[2020-09-03 21:18:56,099][__main__] line75 [INFO] loss_train: 0.050062, loss_valid: 0.128763, f1(macro): 0.000029
