[2020-09-06 19:51:03,225][__main__] line26 [INFO] ==============================
[2020-09-06 19:51:03,225][__main__] line27 [INFO] ::: pipeline start :::
[2020-09-06 19:51:03,225][__main__] line28 [INFO] ==============================
[2020-09-06 19:51:03,225][__main__] line29 [INFO] git hash is: 7861120
[2020-09-06 19:51:03,230][__main__] line30 [INFO] all params
================================================================================
globals:
  debug: 1
  comment: hoge
  seed: 1213
  device: cuda
  num_epochs: 45
  folds:
  - 0
data:
  train_df_path: data_ignore/external_dataset/32khz/birdsong-resampled-train-audio-01/train_mod.csv
  train_audio_path: data_ignore/external_dataset/32khz
  test_df_path: ./data/external_dataset/birdcall-check/test_audio
  test_audio_path: ./data/external_dataset/birdcall-check/test.csv
split:
  name: StratifiedKFold
  params:
    n_splits: 5
    random_state: 42
    shuffle: true
dataset:
  name: SpectrogramDataset
  img_size: 224
  params:
    n_mels: 128
    fmin: 20
    fmax: 16000
loader:
  train:
    batch_size: 20
    shuffle: true
    num_workers: 2
  valid:
    batch_size: 10
    shuffle: false
    num_workers: 2
model:
  name: ResNeSt
  params:
    base_model: null
    pretrained: true
    n_classes: 264
loss:
  name: BCEWithLogitsLossMod
  params: null
optimizer:
  name: Adam
  params:
    lr: 0.001
scheduler:
  name: CosineAnnealingLR
  params:
    T_max: 10

================================================================================
[2020-09-06 19:51:03,231][__main__] line35 [INFO] ::: set debug mode :::
[2020-09-06 19:51:03,435][__main__] line52 [INFO] ==============================
[2020-09-06 19:51:03,435][__main__] line53 [INFO] Fold 0
[2020-09-06 19:51:03,435][__main__] line54 [INFO] ==============================
[2020-09-06 19:51:07,506][__main__] line79 [INFO] ::: epoch: 1/3 :::
[2020-09-06 19:51:30,267][__main__] line85 [INFO] loss_train: 0.145871, loss_valid: 0.038381, f1(macro): 0.000029
[2020-09-06 19:51:30,267][__main__] line79 [INFO] ::: epoch: 2/3 :::
[2020-09-06 19:51:49,909][__main__] line85 [INFO] loss_train: 0.030208, loss_valid: 0.028596, f1(macro): 0.000030
[2020-09-06 19:51:49,910][__main__] line79 [INFO] ::: epoch: 3/3 :::
[2020-09-06 19:52:09,741][__main__] line85 [INFO] loss_train: 0.026886, loss_valid: 0.026212, f1(macro): 0.000029
[2020-09-06 19:52:09,849][__main__] line113 [INFO] best_loss: 0.026212, best_fscore(macro): 0.000029
[2020-09-06 19:52:09,850][__main__] line114 [INFO] ::: success :::



