[2020-09-09 20:32:31,505][__main__] line26 [INFO] ==============================
[2020-09-09 20:32:31,505][__main__] line27 [INFO] ::: pipeline start :::
[2020-09-09 20:32:31,506][__main__] line28 [INFO] ==============================
[2020-09-09 20:32:31,506][__main__] line29 [INFO] git hash is: 9ea61fd
[2020-09-09 20:32:31,511][__main__] line30 [INFO] all params
================================================================================
globals:
  debug: false
  comment: multi_random_not_balanced
  seed: 1213
  device: cuda
  num_epochs: 45
  balanced: 1
  folds:
  - 0
data:
  train_df_path: data_ignore/external_dataset/32khz/birdsong-resampled-train-audio-01/train_mod.csv
  train_audio_path: data_ignore/external_dataset/32khz
  test_df_path: ./data/external_dataset/birdcall-check/test_audio
  test_audio_path: ./data/external_dataset/birdcall-check/test.csv
split:
  name: StratifiedKFold
  params:
    n_splits: 5
    random_state: 42
    shuffle: true
dataset:
  name: SpectrogramMultiRandomDataset
  params:
    img_size: 224
    n_random: 2
    melspectrogram_parameters:
      n_mels: 128
      fmin: 20
      fmax: 16000
loader:
  train:
    batch_size: 20
    shuffle: true
    num_workers: 2
  valid:
    batch_size: 10
    shuffle: false
    num_workers: 2
model:
  name: ResNeSt
  params:
    base_model: null
    pretrained: true
    n_classes: 264
loss:
  name: BCEWithLogitsLossMod
  params: null
optimizer:
  name: Adam
  params:
    lr: 0.001
scheduler:
  name: CosineAnnealingLR
  params:
    T_max: 10

================================================================================
[2020-09-09 20:32:31,704][__main__] line43 [INFO] meta_df: (21375, 38)
[2020-09-09 20:32:31,733][__main__] line53 [INFO] ==============================
[2020-09-09 20:32:31,733][__main__] line54 [INFO] Fold 0
[2020-09-09 20:32:31,733][__main__] line55 [INFO] ==============================
[2020-09-09 20:32:31,750][__main__] line60 [INFO] ::: train class balanced :::
[2020-09-09 20:32:36,747][__main__] line66 [INFO] trn_df: (21120, 38)
[2020-09-09 20:32:36,747][__main__] line67 [INFO] val_df: (4275, 38)
[2020-09-09 20:32:38,800][__main__] line85 [INFO] ::: epoch: 1/45 :::
