[2020-09-05 12:52:34,145][__main__] line26 [INFO] ==============================
[2020-09-05 12:52:34,146][__main__] line27 [INFO] ::: pipeline start :::
[2020-09-05 12:52:34,146][__main__] line28 [INFO] ==============================
[2020-09-05 12:52:34,146][__main__] line29 [INFO] git hash is: 7333a38
[2020-09-05 12:52:34,151][__main__] line30 [INFO] all params
================================================================================
globals:
  debug: 0
  seed: 1213
  device: cuda
  num_epochs: 35
  folds:
  - 0
data:
  train_df_path: data_ignore/external_dataset/32khz/birdsong-resampled-train-audio-01/train_mod.csv
  train_audio_path: data_ignore/external_dataset/32khz
  test_df_path: ./data/external_dataset/birdcall-check/test_audio
  test_audio_path: ./data/external_dataset/birdcall-check/test.csv
split:
  name: StratifiedKFold
  params:
    n_splits: 5
    random_state: 42
    shuffle: true
dataset:
  name: SpectrogramDataset
  img_size: 224
  params:
    n_mels: 128
    fmin: 20
    fmax: 16000
loader:
  train:
    batch_size: 20
    shuffle: true
    num_workers: 2
  valid:
    batch_size: 10
    shuffle: false
    num_workers: 2
model:
  name: ResNet50
  params:
    base_model: resnet50
    pretrained: true
    n_classes: 264
loss:
  name: ResNetLoss
  params:
    loss_type: bce
optimizer:
  name: Adam
  params:
    lr: 0.01
scheduler:
  name: CosineAnnealingLR
  params:
    T_max: 10

================================================================================
[2020-09-05 12:52:34,364][__main__] line50 [INFO] ==============================
[2020-09-05 12:52:34,364][__main__] line51 [INFO] Fold 0
[2020-09-05 12:52:34,364][__main__] line52 [INFO] ==============================
[2020-09-05 12:52:37,037][__main__] line77 [INFO] ::: epoch: 1/35 :::
[2020-09-05 13:06:15,625][__main__] line83 [INFO] loss_train: 0.379181, loss_valid: 0.378788, f1(macro): 0.000035
[2020-09-05 13:06:15,704][__main__] line77 [INFO] ::: epoch: 2/35 :::
[2020-09-05 13:20:00,390][__main__] line83 [INFO] loss_train: 0.378788, loss_valid: 0.378788, f1(macro): 0.000035
[2020-09-05 13:20:00,606][__main__] line77 [INFO] ::: epoch: 3/35 :::
[2020-09-05 13:33:44,583][__main__] line83 [INFO] loss_train: 0.378788, loss_valid: 0.378788, f1(macro): 0.000035
[2020-09-05 13:33:44,814][__main__] line77 [INFO] ::: epoch: 4/35 :::
[2020-09-05 13:47:21,899][__main__] line83 [INFO] loss_train: 0.378788, loss_valid: 0.378788, f1(macro): 0.000035
[2020-09-05 13:47:22,114][__main__] line77 [INFO] ::: epoch: 5/35 :::
[2020-09-05 14:01:05,062][__main__] line83 [INFO] loss_train: 0.378788, loss_valid: 0.378788, f1(macro): 0.000035
[2020-09-05 14:01:05,292][__main__] line77 [INFO] ::: epoch: 6/35 :::
[2020-09-05 14:14:53,920][__main__] line83 [INFO] loss_train: 0.378788, loss_valid: 0.378788, f1(macro): 0.000035
[2020-09-05 14:14:54,139][__main__] line77 [INFO] ::: epoch: 7/35 :::
[2020-09-05 14:28:39,348][__main__] line83 [INFO] loss_train: 0.378788, loss_valid: 0.378788, f1(macro): 0.000035
[2020-09-05 14:28:39,560][__main__] line77 [INFO] ::: epoch: 8/35 :::
[2020-09-05 14:42:24,456][__main__] line83 [INFO] loss_train: 0.378788, loss_valid: 0.378788, f1(macro): 0.000035
[2020-09-05 14:42:24,720][__main__] line77 [INFO] ::: epoch: 9/35 :::
[2020-09-05 14:56:09,360][__main__] line83 [INFO] loss_train: 0.378788, loss_valid: 0.378788, f1(macro): 0.000035
[2020-09-05 14:56:09,607][__main__] line77 [INFO] ::: epoch: 10/35 :::
[2020-09-05 15:10:06,072][__main__] line83 [INFO] loss_train: 0.378788, loss_valid: 0.378788, f1(macro): 0.000035
[2020-09-05 15:10:06,295][__main__] line77 [INFO] ::: epoch: 11/35 :::
[2020-09-05 15:23:47,036][__main__] line83 [INFO] loss_train: 0.378788, loss_valid: 0.378788, f1(macro): 0.000035
[2020-09-05 15:23:47,253][__main__] line77 [INFO] ::: epoch: 12/35 :::
[2020-09-05 15:37:26,377][__main__] line83 [INFO] loss_train: 0.378788, loss_valid: 0.378788, f1(macro): 0.000035
[2020-09-05 15:37:26,601][__main__] line77 [INFO] ::: epoch: 13/35 :::
[2020-09-05 15:51:06,242][__main__] line83 [INFO] loss_train: 0.378788, loss_valid: 0.378788, f1(macro): 0.000035
[2020-09-05 15:51:06,487][__main__] line77 [INFO] ::: epoch: 14/35 :::
[2020-09-05 16:04:55,922][__main__] line83 [INFO] loss_train: 0.378788, loss_valid: 0.378788, f1(macro): 0.000035
[2020-09-05 16:04:56,144][__main__] line77 [INFO] ::: epoch: 15/35 :::
[2020-09-05 16:18:43,896][__main__] line83 [INFO] loss_train: 0.378788, loss_valid: 0.378788, f1(macro): 0.000035
[2020-09-05 16:18:44,131][__main__] line77 [INFO] ::: epoch: 16/35 :::
[2020-09-05 16:32:32,537][__main__] line83 [INFO] loss_train: 0.378788, loss_valid: 0.378788, f1(macro): 0.000035
[2020-09-05 16:32:32,733][__main__] line77 [INFO] ::: epoch: 17/35 :::
[2020-09-05 16:46:20,629][__main__] line83 [INFO] loss_train: 0.378788, loss_valid: 0.378788, f1(macro): 0.000035
[2020-09-05 16:46:20,859][__main__] line77 [INFO] ::: epoch: 18/35 :::
[2020-09-05 17:00:08,802][__main__] line83 [INFO] loss_train: 0.378788, loss_valid: 0.378788, f1(macro): 0.000035
[2020-09-05 17:00:09,033][__main__] line77 [INFO] ::: epoch: 19/35 :::
[2020-09-05 17:13:51,681][__main__] line83 [INFO] loss_train: 0.378788, loss_valid: 0.378788, f1(macro): 0.000035
[2020-09-05 17:13:51,909][__main__] line77 [INFO] ::: epoch: 20/35 :::
[2020-09-05 17:27:31,547][__main__] line83 [INFO] loss_train: 0.378788, loss_valid: 0.378788, f1(macro): 0.000035
[2020-09-05 17:27:31,780][__main__] line77 [INFO] ::: epoch: 21/35 :::
[2020-09-05 17:41:24,872][__main__] line83 [INFO] loss_train: 0.378788, loss_valid: 0.378788, f1(macro): 0.000035
[2020-09-05 17:41:25,151][__main__] line77 [INFO] ::: epoch: 22/35 :::
[2020-09-05 17:55:11,724][__main__] line83 [INFO] loss_train: 0.378788, loss_valid: 0.378788, f1(macro): 0.000035
[2020-09-05 17:55:11,948][__main__] line77 [INFO] ::: epoch: 23/35 :::
[2020-09-05 18:08:49,784][__main__] line83 [INFO] loss_train: 0.378788, loss_valid: 0.378788, f1(macro): 0.000035
[2020-09-05 18:08:50,007][__main__] line77 [INFO] ::: epoch: 24/35 :::
[2020-09-05 18:22:38,216][__main__] line83 [INFO] loss_train: 0.378788, loss_valid: 0.378788, f1(macro): 0.000035
[2020-09-05 18:22:38,434][__main__] line77 [INFO] ::: epoch: 25/35 :::
[2020-09-05 18:36:25,980][__main__] line83 [INFO] loss_train: 0.378788, loss_valid: 0.378788, f1(macro): 0.000035
[2020-09-05 18:36:26,234][__main__] line77 [INFO] ::: epoch: 26/35 :::
[2020-09-05 18:50:10,586][__main__] line83 [INFO] loss_train: 0.378788, loss_valid: 0.378788, f1(macro): 0.000035
[2020-09-05 18:50:10,795][__main__] line77 [INFO] ::: epoch: 27/35 :::
[2020-09-05 19:03:56,809][__main__] line83 [INFO] loss_train: 0.378788, loss_valid: 0.378788, f1(macro): 0.000035
[2020-09-05 19:03:57,069][__main__] line77 [INFO] ::: epoch: 28/35 :::
[2020-09-05 19:17:38,898][__main__] line83 [INFO] loss_train: 0.378788, loss_valid: 0.378788, f1(macro): 0.000035
[2020-09-05 19:17:39,127][__main__] line77 [INFO] ::: epoch: 29/35 :::
[2020-09-05 19:31:24,602][__main__] line83 [INFO] loss_train: 0.378788, loss_valid: 0.378788, f1(macro): 0.000035
[2020-09-05 19:31:24,865][__main__] line77 [INFO] ::: epoch: 30/35 :::
[2020-09-05 19:45:08,136][__main__] line83 [INFO] loss_train: 0.378788, loss_valid: 0.378788, f1(macro): 0.000035
[2020-09-05 19:45:08,356][__main__] line77 [INFO] ::: epoch: 31/35 :::
[2020-09-05 19:58:43,640][__main__] line83 [INFO] loss_train: 0.378788, loss_valid: 0.378788, f1(macro): 0.000035
[2020-09-05 19:58:43,865][__main__] line77 [INFO] ::: epoch: 32/35 :::
[2020-09-05 20:12:27,115][__main__] line83 [INFO] loss_train: 0.378788, loss_valid: 0.378788, f1(macro): 0.000035
[2020-09-05 20:12:27,341][__main__] line77 [INFO] ::: epoch: 33/35 :::
[2020-09-05 20:26:06,834][__main__] line83 [INFO] loss_train: 0.378788, loss_valid: 0.378788, f1(macro): 0.000035
[2020-09-05 20:26:07,083][__main__] line77 [INFO] ::: epoch: 34/35 :::
[2020-09-05 20:39:51,166][__main__] line83 [INFO] loss_train: 0.378788, loss_valid: 0.378788, f1(macro): 0.000035
[2020-09-05 20:39:51,389][__main__] line77 [INFO] ::: epoch: 35/35 :::
[2020-09-05 20:53:38,111][__main__] line83 [INFO] loss_train: 0.378788, loss_valid: 0.378788, f1(macro): 0.000035
[2020-09-05 20:53:38,634][__main__] line109 [INFO] best_loss: 0.378788, best_fscore(macro): 0.000035
[2020-09-05 20:53:38,641][__main__] line110 [INFO] ::: success :::



