[2020-09-08 23:17:08,398][__main__] line26 [INFO] ==============================
[2020-09-08 23:17:08,398][__main__] line27 [INFO] ::: pipeline start :::
[2020-09-08 23:17:08,398][__main__] line28 [INFO] ==============================
[2020-09-08 23:17:08,398][__main__] line29 [INFO] git hash is: 41947df
[2020-09-08 23:17:08,403][__main__] line30 [INFO] all params
================================================================================
globals:
  debug: false
  comment: balanced_valid_fix
  seed: 1213
  device: cuda
  num_epochs: 45
  balanced: 1
  folds:
  - 0
data:
  train_df_path: data_ignore/external_dataset/32khz/birdsong-resampled-train-audio-01/train_mod.csv
  train_audio_path: data_ignore/external_dataset/32khz
  test_df_path: ./data/external_dataset/birdcall-check/test_audio
  test_audio_path: ./data/external_dataset/birdcall-check/test.csv
split:
  name: StratifiedKFold
  params:
    n_splits: 5
    random_state: 42
    shuffle: true
dataset:
  name: SpectrogramDataset
  params:
    img_size: 224
    n_random: 5
    melspectrogram_parameters:
      n_mels: 128
      fmin: 20
      fmax: 16000
loader:
  train:
    batch_size: 20
    shuffle: true
    num_workers: 2
  valid:
    batch_size: 10
    shuffle: false
    num_workers: 2
model:
  name: ResNeSt
  params:
    base_model: null
    pretrained: true
    n_classes: 264
loss:
  name: BCEWithLogitsLossMod
  params: null
optimizer:
  name: Adam
  params:
    lr: 0.001
scheduler:
  name: CosineAnnealingLR
  params:
    T_max: 10

================================================================================
[2020-09-08 23:17:08,581][__main__] line43 [INFO] meta_df: (21375, 38)
[2020-09-08 23:17:08,609][__main__] line53 [INFO] ==============================
[2020-09-08 23:17:08,609][__main__] line54 [INFO] Fold 0
[2020-09-08 23:17:08,609][__main__] line55 [INFO] ==============================
[2020-09-08 23:17:08,626][__main__] line60 [INFO] ::: train class balanced :::
[2020-09-08 23:17:13,556][__main__] line66 [INFO] trn_df: (21120, 38)
[2020-09-08 23:17:13,557][__main__] line67 [INFO] val_df: (4275, 38)
[2020-09-08 23:17:15,498][__main__] line85 [INFO] ::: epoch: 1/45 :::
[2020-09-08 23:34:26,627][__main__] line91 [INFO] loss_train: 0.027400, loss_valid: 0.024929, f1(macro): 0.000454
[2020-09-08 23:34:26,705][__main__] line85 [INFO] ::: epoch: 2/45 :::
[2020-09-08 23:51:47,556][__main__] line91 [INFO] loss_train: 0.023943, loss_valid: 0.023134, f1(macro): 0.004250
[2020-09-08 23:51:47,778][__main__] line85 [INFO] ::: epoch: 3/45 :::
[2020-09-09 00:09:10,704][__main__] line91 [INFO] loss_train: 0.022063, loss_valid: 0.020795, f1(macro): 0.035662
[2020-09-09 00:09:10,980][__main__] line85 [INFO] ::: epoch: 4/45 :::
[2020-09-09 00:26:33,659][__main__] line91 [INFO] loss_train: 0.019934, loss_valid: 0.019600, f1(macro): 0.090357
[2020-09-09 00:26:33,912][__main__] line85 [INFO] ::: epoch: 5/45 :::
[2020-09-09 00:43:59,874][__main__] line91 [INFO] loss_train: 0.018271, loss_valid: 0.017558, f1(macro): 0.155312
[2020-09-09 00:44:00,133][__main__] line85 [INFO] ::: epoch: 6/45 :::
[2020-09-09 01:01:28,771][__main__] line91 [INFO] loss_train: 0.016770, loss_valid: 0.016149, f1(macro): 0.230014
[2020-09-09 01:01:29,014][__main__] line85 [INFO] ::: epoch: 7/45 :::
[2020-09-09 01:18:48,179][__main__] line91 [INFO] loss_train: 0.015186, loss_valid: 0.015087, f1(macro): 0.291026
[2020-09-09 01:18:48,432][__main__] line85 [INFO] ::: epoch: 8/45 :::
[2020-09-09 01:36:15,667][__main__] line91 [INFO] loss_train: 0.013934, loss_valid: 0.014146, f1(macro): 0.353825
[2020-09-09 01:36:15,920][__main__] line85 [INFO] ::: epoch: 9/45 :::
[2020-09-09 01:53:31,846][__main__] line91 [INFO] loss_train: 0.012784, loss_valid: 0.013379, f1(macro): 0.394198
[2020-09-09 01:53:32,074][__main__] line85 [INFO] ::: epoch: 10/45 :::
[2020-09-09 02:11:02,173][__main__] line91 [INFO] loss_train: 0.012129, loss_valid: 0.013061, f1(macro): 0.413285
[2020-09-09 02:11:02,391][__main__] line85 [INFO] ::: epoch: 11/45 :::
[2020-09-09 02:28:27,635][__main__] line91 [INFO] loss_train: 0.011869, loss_valid: 0.013052, f1(macro): 0.412738
[2020-09-09 02:28:27,882][__main__] line85 [INFO] ::: epoch: 12/45 :::
[2020-09-09 02:45:49,382][__main__] line91 [INFO] loss_train: 0.011805, loss_valid: 0.012953, f1(macro): 0.420385
[2020-09-09 02:45:49,635][__main__] line85 [INFO] ::: epoch: 13/45 :::
[2020-09-09 03:03:02,060][__main__] line91 [INFO] loss_train: 0.011873, loss_valid: 0.012966, f1(macro): 0.428084
[2020-09-09 03:03:02,061][__main__] line85 [INFO] ::: epoch: 14/45 :::
[2020-09-09 03:20:21,251][__main__] line91 [INFO] loss_train: 0.012056, loss_valid: 0.013126, f1(macro): 0.412014
[2020-09-09 03:20:21,252][__main__] line85 [INFO] ::: epoch: 15/45 :::
[2020-09-09 03:37:39,313][__main__] line91 [INFO] loss_train: 0.012002, loss_valid: 0.013604, f1(macro): 0.397192
[2020-09-09 03:37:39,313][__main__] line85 [INFO] ::: epoch: 16/45 :::
[2020-09-09 03:54:59,445][__main__] line91 [INFO] loss_train: 0.012031, loss_valid: 0.013430, f1(macro): 0.414773
[2020-09-09 03:54:59,446][__main__] line85 [INFO] ::: epoch: 17/45 :::
[2020-09-09 04:12:12,477][__main__] line91 [INFO] loss_train: 0.012002, loss_valid: 0.013255, f1(macro): 0.413975
[2020-09-09 04:12:12,478][__main__] line85 [INFO] ::: epoch: 18/45 :::
[2020-09-09 04:29:30,762][__main__] line91 [INFO] loss_train: 0.011709, loss_valid: 0.013472, f1(macro): 0.427526
[2020-09-09 04:29:30,763][__main__] line85 [INFO] ::: epoch: 19/45 :::
[2020-09-09 04:47:01,655][__main__] line91 [INFO] loss_train: 0.011267, loss_valid: 0.012571, f1(macro): 0.460696
[2020-09-09 04:47:01,940][__main__] line85 [INFO] ::: epoch: 20/45 :::
[2020-09-09 05:04:20,053][__main__] line91 [INFO] loss_train: 0.010724, loss_valid: 0.012229, f1(macro): 0.464065
[2020-09-09 05:04:20,327][__main__] line85 [INFO] ::: epoch: 21/45 :::
[2020-09-09 05:21:38,442][__main__] line91 [INFO] loss_train: 0.010185, loss_valid: 0.012043, f1(macro): 0.489306
[2020-09-09 05:21:38,731][__main__] line85 [INFO] ::: epoch: 22/45 :::
[2020-09-09 05:39:10,411][__main__] line91 [INFO] loss_train: 0.009416, loss_valid: 0.012728, f1(macro): 0.476638
[2020-09-09 05:39:10,412][__main__] line85 [INFO] ::: epoch: 23/45 :::
[2020-09-09 05:56:28,760][__main__] line91 [INFO] loss_train: 0.008790, loss_valid: 0.011244, f1(macro): 0.535285
[2020-09-09 05:56:29,042][__main__] line85 [INFO] ::: epoch: 24/45 :::
[2020-09-09 06:13:50,544][__main__] line91 [INFO] loss_train: 0.008060, loss_valid: 0.011034, f1(macro): 0.543263
[2020-09-09 06:13:50,807][__main__] line85 [INFO] ::: epoch: 25/45 :::
[2020-09-09 06:31:22,778][__main__] line91 [INFO] loss_train: 0.006984, loss_valid: 0.010606, f1(macro): 0.568217
[2020-09-09 06:31:23,031][__main__] line85 [INFO] ::: epoch: 26/45 :::
[2020-09-09 06:48:54,840][__main__] line91 [INFO] loss_train: 0.006446, loss_valid: 0.010137, f1(macro): 0.596977
[2020-09-09 06:48:55,085][__main__] line85 [INFO] ::: epoch: 27/45 :::
[2020-09-09 07:06:19,853][__main__] line91 [INFO] loss_train: 0.005578, loss_valid: 0.009908, f1(macro): 0.612805
[2020-09-09 07:06:20,100][__main__] line85 [INFO] ::: epoch: 28/45 :::
[2020-09-09 07:23:32,520][__main__] line91 [INFO] loss_train: 0.005059, loss_valid: 0.009666, f1(macro): 0.624335
[2020-09-09 07:23:32,765][__main__] line85 [INFO] ::: epoch: 29/45 :::
[2020-09-09 07:40:54,222][__main__] line91 [INFO] loss_train: 0.004654, loss_valid: 0.009484, f1(macro): 0.635524
[2020-09-09 07:40:54,460][__main__] line85 [INFO] ::: epoch: 30/45 :::
[2020-09-09 07:58:17,664][__main__] line91 [INFO] loss_train: 0.004311, loss_valid: 0.009454, f1(macro): 0.631063
[2020-09-09 07:58:17,903][__main__] line85 [INFO] ::: epoch: 31/45 :::
[2020-09-09 08:15:28,790][__main__] line91 [INFO] loss_train: 0.004222, loss_valid: 0.009479, f1(macro): 0.635116
[2020-09-09 08:15:28,790][__main__] line85 [INFO] ::: epoch: 32/45 :::
[2020-09-09 08:32:52,547][__main__] line91 [INFO] loss_train: 0.004230, loss_valid: 0.009410, f1(macro): 0.636227
[2020-09-09 08:32:52,777][__main__] line85 [INFO] ::: epoch: 33/45 :::
[2020-09-09 08:50:07,578][__main__] line91 [INFO] loss_train: 0.004303, loss_valid: 0.009555, f1(macro): 0.631440
[2020-09-09 08:50:07,579][__main__] line85 [INFO] ::: epoch: 34/45 :::
[2020-09-09 09:07:32,011][__main__] line91 [INFO] loss_train: 0.004454, loss_valid: 0.009681, f1(macro): 0.629543
[2020-09-09 09:07:32,011][__main__] line85 [INFO] ::: epoch: 35/45 :::
[2020-09-09 09:24:52,545][__main__] line91 [INFO] loss_train: 0.004655, loss_valid: 0.010131, f1(macro): 0.611399
[2020-09-09 09:24:52,546][__main__] line85 [INFO] ::: epoch: 36/45 :::
[2020-09-09 09:42:12,663][__main__] line91 [INFO] loss_train: 0.005088, loss_valid: 0.010310, f1(macro): 0.607718
[2020-09-09 09:42:12,663][__main__] line85 [INFO] ::: epoch: 37/45 :::
[2020-09-09 09:59:38,720][__main__] line91 [INFO] loss_train: 0.005384, loss_valid: 0.010672, f1(macro): 0.588601
[2020-09-09 09:59:38,721][__main__] line85 [INFO] ::: epoch: 38/45 :::
[2020-09-09 10:16:53,262][__main__] line91 [INFO] loss_train: 0.005643, loss_valid: 0.011119, f1(macro): 0.563056
[2020-09-09 10:16:53,263][__main__] line85 [INFO] ::: epoch: 39/45 :::
[2020-09-09 10:34:07,175][__main__] line91 [INFO] loss_train: 0.005859, loss_valid: 0.010648, f1(macro): 0.584095
[2020-09-09 10:34:07,176][__main__] line85 [INFO] ::: epoch: 40/45 :::
[2020-09-09 10:51:24,513][__main__] line91 [INFO] loss_train: 0.005889, loss_valid: 0.011447, f1(macro): 0.556385
[2020-09-09 10:51:24,514][__main__] line85 [INFO] ::: epoch: 41/45 :::
[2020-09-09 11:08:38,029][__main__] line91 [INFO] loss_train: 0.005881, loss_valid: 0.010834, f1(macro): 0.579114
[2020-09-09 11:08:38,030][__main__] line85 [INFO] ::: epoch: 42/45 :::
[2020-09-09 11:26:01,595][__main__] line91 [INFO] loss_train: 0.005668, loss_valid: 0.010820, f1(macro): 0.588524
[2020-09-09 11:26:01,596][__main__] line85 [INFO] ::: epoch: 43/45 :::
[2020-09-09 11:43:25,455][__main__] line91 [INFO] loss_train: 0.005122, loss_valid: 0.010899, f1(macro): 0.598951
[2020-09-09 11:43:25,456][__main__] line85 [INFO] ::: epoch: 44/45 :::
[2020-09-09 12:00:51,273][__main__] line91 [INFO] loss_train: 0.004836, loss_valid: 0.010897, f1(macro): 0.595334
[2020-09-09 12:00:51,274][__main__] line103 [INFO] Early stopping
[2020-09-09 12:00:51,389][__main__] line119 [INFO] best_loss: 0.009410, best_fscore(macro): 0.636227
[2020-09-09 12:00:51,391][__main__] line120 [INFO] ::: success :::



