[2020-09-04 18:46:54,767][__main__] line26 [INFO] ==============================
[2020-09-04 18:46:54,767][__main__] line27 [INFO] ::: pipeline start :::
[2020-09-04 18:46:54,767][__main__] line28 [INFO] ==============================
[2020-09-04 18:46:54,767][__main__] line29 [INFO] git hash is: ffb4920
[2020-09-04 18:46:54,772][__main__] line30 [INFO] all params
================================================================================
globals:
  debug: 1
  seed: 1213
  device: cuda
  num_epochs: 45
  folds:
  - 0
data:
  train_df_path: data_ignore/external_dataset/32khz/birdsong-resampled-train-audio-01/train_mod.csv
  train_audio_path: data_ignore/external_dataset/32khz
  test_df_path: ./data/external_dataset/birdcall-check/test_audio
  test_audio_path: ./data/external_dataset/birdcall-check/test.csv
split:
  name: StratifiedKFold
  params:
    n_splits: 5
    random_state: 42
    shuffle: true
dataset:
  name: SpectrogramDataset
  img_size: 224
  params:
    n_mels: 128
    fmin: 20
    fmax: 16000
loader:
  train:
    batch_size: 20
    shuffle: true
    num_workers: 2
  valid:
    batch_size: 10
    shuffle: false
    num_workers: 2
model:
  name: ResNeSt
  params:
    base_model: null
    pretrained: true
    n_classes: 264
loss:
  name: ResNetLoss
  params:
    loss_type: bce
optimizer:
  name: Adam
  params:
    lr: 0.001
scheduler:
  name: CosineAnnealingLR
  params:
    T_max: 10

================================================================================
[2020-09-04 18:46:54,772][__main__] line33 [INFO] ::: set debug mode :::
[2020-09-04 18:46:54,978][__main__] line50 [INFO] ==============================
[2020-09-04 18:46:54,979][__main__] line51 [INFO] Fold 0
[2020-09-04 18:46:54,979][__main__] line52 [INFO] ==============================
[2020-09-04 18:46:58,903][__main__] line77 [INFO] ::: epoch: 1/3 :::
[2020-09-04 18:47:21,884][__main__] line83 [INFO] loss_train: 0.149113, loss_valid: 0.028434, f1(macro): 0.000029
[2020-09-04 18:47:21,885][__main__] line77 [INFO] ::: epoch: 2/3 :::
[2020-09-04 18:47:42,605][__main__] line83 [INFO] loss_train: 0.052425, loss_valid: 0.026145, f1(macro): 0.000029
[2020-09-04 18:47:42,606][__main__] line77 [INFO] ::: epoch: 3/3 :::
[2020-09-04 18:48:02,559][__main__] line83 [INFO] loss_train: 0.048765, loss_valid: 0.025977, f1(macro): 0.000029
