[2020-09-06 15:02:04,440][__main__] line26 [INFO] ==============================
[2020-09-06 15:02:04,440][__main__] line27 [INFO] ::: pipeline start :::
[2020-09-06 15:02:04,441][__main__] line28 [INFO] ==============================
[2020-09-06 15:02:04,441][__main__] line29 [INFO] git hash is: bf2b7f2
[2020-09-06 15:02:04,445][__main__] line30 [INFO] all params
================================================================================
globals:
  debug: 1
  seed: 1213
  device: cuda
  num_epochs: 45
  folds:
  - 0
data:
  train_df_path: data_ignore/external_dataset/32khz/birdsong-resampled-train-audio-01/train_mod.csv
  train_audio_path: data_ignore/external_dataset/32khz
  test_df_path: ./data/external_dataset/birdcall-check/test_audio
  test_audio_path: ./data/external_dataset/birdcall-check/test.csv
split:
  name: StratifiedKFold
  params:
    n_splits: 5
    random_state: 42
    shuffle: true
dataset:
  name: SpectrogramDataset
  img_size: 224
  params:
    n_mels: 128
    fmin: 20
    fmax: 16000
loader:
  train:
    batch_size: 20
    shuffle: true
    num_workers: 2
  valid:
    batch_size: 10
    shuffle: false
    num_workers: 2
model:
  name: ResNeSt
  params:
    base_model: null
    pretrained: true
    n_classes: 264
loss:
  name: BCEWithLogitsLossMod
  params: null
optimizer:
  name: Adam
  params:
    lr: 0.001
scheduler:
  name: CosineAnnealingLR
  params:
    T_max: 10

================================================================================
[2020-09-06 15:02:04,446][__main__] line33 [INFO] ::: set debug mode :::
[2020-09-06 15:02:04,778][__main__] line50 [INFO] ==============================
[2020-09-06 15:02:04,778][__main__] line51 [INFO] Fold 0
[2020-09-06 15:02:04,779][__main__] line52 [INFO] ==============================
[2020-09-06 15:02:16,233][__main__] line77 [INFO] ::: epoch: 1/3 :::
