[2020-09-03 18:47:54,021][__main__] line26 [INFO] logger start
[2020-09-03 18:47:54,026][__main__] line27 [INFO] all params
======================================================================
globals:
  debug: 1
  seed: 1213
  device: cuda
  num_epochs: 45
  folds:
  - 0
data:
  train_df_path: data_ignore/external_dataset/32khz/birdsong-resampled-train-audio-01/train_mod.csv
  train_audio_path: data_ignore/external_dataset/32khz
  test_df_path: ./data/external_dataset/birdcall-check/test_audio
  test_audio_path: ./data/external_dataset/birdcall-check/test.csv
split:
  name: StratifiedKFold
  params:
    n_splits: 5
    random_state: 42
    shuffle: true
dataset:
  name: SpectrogramDataset
  img_size: 224
  params:
    n_mels: 128
    fmin: 20
    fmax: 16000
loader:
  train:
    batch_size: 20
    shuffle: true
    num_workers: 2
  valid:
    batch_size: 10
    shuffle: false
    num_workers: 2
model:
  name: ResNet50
  params:
    base_model: resnet50
    pretrained: true
    n_classes: 264
loss:
  name: ResNetLoss
  params:
    loss_type: bce
optimizer:
  name: Adam
  params:
    lr: 0.001
scheduler:
  name: CosineAnnealingLR
  params:
    T_max: 10

======================================================================
[2020-09-03 18:47:54,026][__main__] line30 [INFO] ::: set debug mode :::
[2020-09-03 18:47:54,234][__main__] line43 [INFO] ====================
[2020-09-03 18:47:54,235][__main__] line44 [INFO] Fold 0
[2020-09-03 18:47:54,235][__main__] line45 [INFO] ====================
[2020-09-03 18:47:58,217][__main__] line68 [INFO] ::: epoch: 1 Thu Sep  3 18:47:58 2020 :::
[2020-09-03 18:48:18,712][__main__] line74 [INFO] loss_train: 0.128573, loss_valid: 0.378788, f1(macro): 0.000029
[2020-09-03 18:48:18,788][__main__] line68 [INFO] ::: epoch: 2 Thu Sep  3 18:48:18 2020 :::
[2020-09-03 18:48:39,099][__main__] line74 [INFO] loss_train: 0.056514, loss_valid: 0.160461, f1(macro): 0.000114
[2020-09-03 18:48:39,332][__main__] line68 [INFO] ::: epoch: 3 Thu Sep  3 18:48:39 2020 :::
[2020-09-03 18:49:00,160][__main__] line74 [INFO] loss_train: 0.050062, loss_valid: 0.128763, f1(macro): 0.000029
