[2020-09-09 22:11:20,774][__main__] line26 [INFO] ==============================
[2020-09-09 22:11:20,774][__main__] line27 [INFO] ::: pipeline start :::
[2020-09-09 22:11:20,775][__main__] line28 [INFO] ==============================
[2020-09-09 22:11:20,775][__main__] line29 [INFO] git hash is: 9ea61fd
[2020-09-09 22:11:20,779][__main__] line30 [INFO] all params
================================================================================
globals:
  debug: 1
  comment: test
  seed: 1213
  device: cuda
  num_epochs: 45
  balanced: true
  remove_short: true
  folds:
  - 0
data:
  train_df_path: data_ignore/external_dataset/32khz/birdsong-resampled-train-audio-01/train_mod.csv
  train_audio_path: data_ignore/external_dataset/32khz
  test_df_path: ./data/external_dataset/birdcall-check/test_audio
  test_audio_path: ./data/external_dataset/birdcall-check/test.csv
split:
  name: StratifiedKFold
  params:
    n_splits: 5
    random_state: 42
    shuffle: true
dataset:
  name: SpectrogramDataset
  img_size: 224
  params:
    n_mels: 128
    fmin: 20
    fmax: 16000
loader:
  train:
    batch_size: 20
    shuffle: true
    num_workers: 2
  valid:
    batch_size: 10
    shuffle: false
    num_workers: 2
model:
  name: ResNeSt
  params:
    base_model: null
    pretrained: true
    n_classes: 264
loss:
  name: BCEWithLogitsLossMod
  params: null
optimizer:
  name: Adam
  params:
    lr: 0.001
scheduler:
  name: CosineAnnealingLR
  params:
    T_max: 10

================================================================================
[2020-09-09 22:11:20,780][__main__] line35 [INFO] ::: set debug mode :::
[2020-09-09 22:11:20,961][__main__] line43 [INFO] meta_df: (21375, 38)
[2020-09-09 22:11:20,981][__main__] line53 [INFO] ==============================
[2020-09-09 22:11:20,981][__main__] line54 [INFO] Fold 0
[2020-09-09 22:11:20,982][__main__] line55 [INFO] ==============================
[2020-09-09 22:11:20,999][__main__] line60 [INFO] ::: train class balanced :::
[2020-09-09 22:11:24,400][__main__] line63 [INFO] ::: remove short duration :::
[2020-09-09 22:11:26,106][__main__] line69 [INFO] trn_df: (213, 38)
[2020-09-09 22:11:26,107][__main__] line70 [INFO] val_df: (264, 38)
