[2020-09-05 14:54:18,509][__main__] line26 [INFO] ==============================
[2020-09-05 14:54:18,509][__main__] line27 [INFO] ::: pipeline start :::
[2020-09-05 14:54:18,509][__main__] line28 [INFO] ==============================
[2020-09-05 14:54:18,509][__main__] line29 [INFO] git hash is: 0b8a859
[2020-09-05 14:54:18,514][__main__] line30 [INFO] all params
================================================================================
globals:
  debug: 1
  seed: 1213
  device: cuda
  num_epochs: 45
  folds:
  - 0
data:
  train_df_path: data_ignore/external_dataset/32khz/birdsong-resampled-train-audio-01/train_mod.csv
  train_audio_path: data_ignore/external_dataset/32khz
  test_df_path: ./data/external_dataset/birdcall-check/test_audio
  test_audio_path: ./data/external_dataset/birdcall-check/test.csv
split:
  name: StratifiedKFold
  params:
    n_splits: 5
    random_state: 42
    shuffle: true
dataset:
  name: SpectrogramDataset
  img_size: 224
  params:
    n_mels: 128
    fmin: 20
    fmax: 16000
loader:
  train:
    batch_size: 20
    shuffle: true
    num_workers: 2
  valid:
    batch_size: 10
    shuffle: false
    num_workers: 2
model:
  name: ResNeSt
  params:
    base_model: null
    pretrained: true
    n_classes: 264
loss:
  name: ResNetLoss
  params:
    loss_type: bce
optimizer:
  name: Adam
  params:
    lr: 0.001
scheduler:
  name: CosineAnnealingLR
  params:
    T_max: 10

================================================================================
[2020-09-05 14:54:18,514][__main__] line33 [INFO] ::: set debug mode :::
[2020-09-05 14:54:18,879][__main__] line50 [INFO] ==============================
[2020-09-05 14:54:18,879][__main__] line51 [INFO] Fold 0
[2020-09-05 14:54:18,879][__main__] line52 [INFO] ==============================
[2020-09-05 14:54:31,100][__main__] line77 [INFO] ::: epoch: 1/3 :::
[2020-09-05 14:56:13,430][__main__] line83 [INFO] loss_train: 0.166708, loss_valid: 0.064890, f1(macro): 0.000050
[2020-09-05 14:56:13,432][__main__] line77 [INFO] ::: epoch: 2/3 :::
[2020-09-05 14:57:04,532][__main__] line83 [INFO] loss_train: 0.037137, loss_valid: 0.037288, f1(macro): 0.000029
[2020-09-05 14:57:04,533][__main__] line77 [INFO] ::: epoch: 3/3 :::
[2020-09-05 14:58:04,688][__main__] line83 [INFO] loss_train: 0.032814, loss_valid: 0.062428, f1(macro): 0.000029
[2020-09-05 14:58:04,806][__main__] line109 [INFO] best_loss: 0.037288, best_fscore(macro): 0.000029
[2020-09-05 14:58:04,807][__main__] line110 [INFO] ::: success :::



