[2020-09-02 08:35:30,372][__main__] line15 [INFO] logger start
[2020-09-02 08:35:30,376][__main__] line16 [INFO] all params
======================================================================
globals:
  seed: 1213
  device: cuda
  num_epochs: 100
  folds:
  - 0
data:
  train_df_path: ./data_ignore/official/train.csv
  train_audio_path: ./data_ignore/external_dataset/32khz
  test_df_path: ./data/external_dataset/birdcall-check/test_audio
  test_audio_path: ./data/external_dataset/birdcall-check/tst.csv
split:
  name: StratifiedKFold
  params:
    n_splits: 5
    random_state: 42
    shuffle: true
dataset:
  name: SpectrogramDataset
  img_size: 224
  params:
    n_mels: 128
    fmin: 20
    fmax: 16000
loader:
  train:
    batch_size: 30
    shuffle: true
    num_workers: 2
  valid:
    batch_size: 10
    shuffle: false
    num_workers: 2
model:
  name: ResNet50
  params:
    base_model: resnet50
    pretrained: true
    n_classes: 264
loss:
  name: ResNetLoss
  params:
    loss_type: bce

======================================================================
[2020-09-02 08:35:30,377][src.utils] line17 [INFO] seed: 50
[2020-09-02 08:35:30,562][__main__] line28 [INFO] ====================
[2020-09-02 08:35:30,562][__main__] line29 [INFO] Fold 0
[2020-09-02 08:35:30,562][__main__] line30 [INFO] ====================
