[2020-09-07 00:33:01,705][__main__] line26 [INFO] ==============================
[2020-09-07 00:33:01,705][__main__] line27 [INFO] ::: pipeline start :::
[2020-09-07 00:33:01,706][__main__] line28 [INFO] ==============================
[2020-09-07 00:33:01,706][__main__] line29 [INFO] git hash is: 42f8c8e
[2020-09-07 00:33:01,710][__main__] line30 [INFO] all params
================================================================================
globals:
  debug: 1
  comment: test
  seed: 1213
  device: cuda
  num_epochs: 45
  balanced: 0
  folds:
  - 0
data:
  train_df_path: data_ignore/external_dataset/32khz/birdsong-resampled-train-audio-01/train_mod.csv
  train_audio_path: data_ignore/external_dataset/32khz
  test_df_path: ./data/external_dataset/birdcall-check/test_audio
  test_audio_path: ./data/external_dataset/birdcall-check/test.csv
split:
  name: StratifiedKFold
  params:
    n_splits: 5
    random_state: 42
    shuffle: true
dataset:
  name: SpectrogramDataset
  img_size: 224
  params:
    n_mels: 128
    fmin: 20
    fmax: 16000
loader:
  train:
    batch_size: 20
    shuffle: true
    num_workers: 2
  valid:
    batch_size: 10
    shuffle: false
    num_workers: 2
model:
  name: ResNeSt
  params:
    base_model: null
    pretrained: true
    n_classes: 264
loss:
  name: BCEWithLogitsLossMod
  params: null
optimizer:
  name: Adam
  params:
    lr: 0.001
scheduler:
  name: CosineAnnealingLR
  params:
    T_max: 10

================================================================================
[2020-09-07 00:33:01,711][__main__] line35 [INFO] ::: set debug mode :::
[2020-09-07 00:33:01,946][__main__] line52 [INFO] ==============================
[2020-09-07 00:33:01,946][__main__] line53 [INFO] Fold 0
[2020-09-07 00:33:01,946][__main__] line54 [INFO] ==============================
[2020-09-07 00:33:06,786][__main__] line81 [INFO] ::: epoch: 1/3 :::
[2020-09-07 00:33:28,331][__main__] line87 [INFO] loss_train: 0.150057, loss_valid: 0.043238, f1(macro): 0.000029
[2020-09-07 00:33:28,332][__main__] line81 [INFO] ::: epoch: 2/3 :::
[2020-09-07 00:33:47,277][__main__] line87 [INFO] loss_train: 0.030350, loss_valid: 0.031735, f1(macro): 0.000029
[2020-09-07 00:33:47,278][__main__] line81 [INFO] ::: epoch: 3/3 :::
[2020-09-07 00:34:04,954][__main__] line87 [INFO] loss_train: 0.028015, loss_valid: 0.028574, f1(macro): 0.000029
[2020-09-07 00:34:05,041][__main__] line115 [INFO] best_loss: 0.028574, best_fscore(macro): 0.000029
[2020-09-07 00:34:05,042][__main__] line116 [INFO] ::: success :::



