[2020-09-06 16:49:09,915][__main__] line33 [INFO] ==============================
[2020-09-06 16:49:09,915][__main__] line34 [INFO] ::: pipeline start :::
[2020-09-06 16:49:09,915][__main__] line35 [INFO] ==============================
[2020-09-06 16:49:09,915][__main__] line36 [INFO] git hash is: 0e61545
[2020-09-06 16:49:09,920][__main__] line37 [INFO] all params
================================================================================
globals:
  debug: false
  comment: null
  seed: 1213
  device: cuda
  num_epochs: 45
  folds:
  - 0
data:
  train_df_path: data_ignore/external_dataset/32khz/birdsong-resampled-train-audio-01/train_mod.csv
  train_audio_path: data_ignore/external_dataset/32khz
  test_df_path: ./data/external_dataset/birdcall-check/test_audio
  test_audio_path: ./data/external_dataset/birdcall-check/test.csv
split:
  name: StratifiedKFold
  params:
    n_splits: 5
    random_state: 42
    shuffle: true
dataset:
  name: SpectrogramDataset
  img_size: 224
  params:
    n_mels: 128
    fmin: 20
    fmax: 16000
loader:
  train:
    batch_size: 20
    shuffle: true
    num_workers: 2
  valid:
    batch_size: 10
    shuffle: false
    num_workers: 2
model:
  name: ResNeSt
  params:
    base_model: null
    pretrained: true
    n_classes: 264
loss:
  name: BCEWithLogitsLoss
  params: null
optimizer:
  name: Adam
  params:
    lr: 0.001
scheduler:
  name: CosineAnnealingLR
  params:
    T_max: 10

================================================================================
